[DEBUG] 2020-10-11 10:22:28.025 [http-nio-8080-exec-2] IntegratorServiceImpl - Adding Integrator [org.hibernate.cfg.beanvalidation.BeanValidationIntegrator].
[DEBUG] 2020-10-11 10:22:28.040 [http-nio-8080-exec-2] IntegratorServiceImpl - Adding Integrator [org.hibernate.secure.spi.JaccIntegrator].
[DEBUG] 2020-10-11 10:22:28.061 [http-nio-8080-exec-2] IntegratorServiceImpl - Adding Integrator [org.hibernate.cache.internal.CollectionCacheInvalidator].
[INFO ] 2020-10-11 10:22:28.353 [http-nio-8080-exec-2] Version - HHH000412: Hibernate Core {5.4.4.Final}
[DEBUG] 2020-10-11 10:22:28.372 [http-nio-8080-exec-2] Environment - HHH000206: hibernate.properties not found
[DEBUG] 2020-10-11 10:22:28.872 [http-nio-8080-exec-2] LocalXmlResourceResolver - Interpreting public/system identifier : [-//Hibernate/Hibernate Configuration DTD//EN] - [http://www.hibernate.org/dtd/hibernate-configuration-3.0.dtd]
[DEBUG] 2020-10-11 10:22:28.873 [http-nio-8080-exec-2] LocalXmlResourceResolver - Recognized hibernate-configuration identifier; attempting to resolve on classpath under org/hibernate/
[DEBUG] 2020-10-11 10:22:28.963 [http-nio-8080-exec-2] JaxbCfgProcessor - cfg.xml document did not define namespaces; wrapping in custom event reader to introduce namespace information
[DEBUG] 2020-10-11 10:22:29.844 [http-nio-8080-exec-2] ServiceBinding - Overriding existing service binding [org.hibernate.secure.spi.JaccService]
[DEBUG] 2020-10-11 10:22:29.946 [http-nio-8080-exec-2] RegionFactoryInitiator - Cannot default RegionFactory based on registered strategies as `[]` RegionFactory strategies were registered
[DEBUG] 2020-10-11 10:22:29.949 [http-nio-8080-exec-2] RegionFactoryInitiator - Cache region factory : org.hibernate.cache.internal.NoCachingRegionFactory
[INFO ] 2020-10-11 10:22:30.006 [http-nio-8080-exec-2] Version - HCANN000001: Hibernate Commons Annotations {5.1.0.Final}
[DEBUG] 2020-10-11 10:22:30.142 [http-nio-8080-exec-2] BasicTypeRegistry - Adding type registration boolean -> org.hibernate.type.BooleanType@6fc1856c
[DEBUG] 2020-10-11 10:22:30.143 [http-nio-8080-exec-2] BasicTypeRegistry - Adding type registration boolean -> org.hibernate.type.BooleanType@6fc1856c
[DEBUG] 2020-10-11 10:22:30.143 [http-nio-8080-exec-2] BasicTypeRegistry - Adding type registration java.lang.Boolean -> org.hibernate.type.BooleanType@6fc1856c
[DEBUG] 2020-10-11 10:22:30.144 [http-nio-8080-exec-2] BasicTypeRegistry - Adding type registration numeric_boolean -> org.hibernate.type.NumericBooleanType@1a108456
[DEBUG] 2020-10-11 10:22:30.145 [http-nio-8080-exec-2] BasicTypeRegistry - Adding type registration true_false -> org.hibernate.type.TrueFalseType@17b6eef7
[DEBUG] 2020-10-11 10:22:30.146 [http-nio-8080-exec-2] BasicTypeRegistry - Adding type registration yes_no -> org.hibernate.type.YesNoType@eea24d5
[DEBUG] 2020-10-11 10:22:30.147 [http-nio-8080-exec-2] BasicTypeRegistry - Adding type registration byte -> org.hibernate.type.ByteType@3220536e
[DEBUG] 2020-10-11 10:22:30.147 [http-nio-8080-exec-2] BasicTypeRegistry - Adding type registration byte -> org.hibernate.type.ByteType@3220536e
[DEBUG] 2020-10-11 10:22:30.147 [http-nio-8080-exec-2] BasicTypeRegistry - Adding type registration java.lang.Byte -> org.hibernate.type.ByteType@3220536e
[DEBUG] 2020-10-11 10:22:30.151 [http-nio-8080-exec-2] BasicTypeRegistry - Adding type registration character -> org.hibernate.type.CharacterType@74966bca
[DEBUG] 2020-10-11 10:22:30.151 [http-nio-8080-exec-2] BasicTypeRegistry - Adding type registration char -> org.hibernate.type.CharacterType@74966bca
[DEBUG] 2020-10-11 10:22:30.151 [http-nio-8080-exec-2] BasicTypeRegistry - Adding type registration java.lang.Character -> org.hibernate.type.CharacterType@74966bca
[DEBUG] 2020-10-11 10:22:30.156 [http-nio-8080-exec-2] BasicTypeRegistry - Adding type registration short -> org.hibernate.type.ShortType@9ba6eef
[DEBUG] 2020-10-11 10:22:30.157 [http-nio-8080-exec-2] BasicTypeRegistry - Adding type registration short -> org.hibernate.type.ShortType@9ba6eef
[DEBUG] 2020-10-11 10:22:30.157 [http-nio-8080-exec-2] BasicTypeRegistry - Adding type registration java.lang.Short -> org.hibernate.type.ShortType@9ba6eef
[DEBUG] 2020-10-11 10:22:30.159 [http-nio-8080-exec-2] BasicTypeRegistry - Adding type registration integer -> org.hibernate.type.IntegerType@4e1308b8
[DEBUG] 2020-10-11 10:22:30.159 [http-nio-8080-exec-2] BasicTypeRegistry - Adding type registration int -> org.hibernate.type.IntegerType@4e1308b8
[DEBUG] 2020-10-11 10:22:30.159 [http-nio-8080-exec-2] BasicTypeRegistry - Adding type registration java.lang.Integer -> org.hibernate.type.IntegerType@4e1308b8
[DEBUG] 2020-10-11 10:22:30.164 [http-nio-8080-exec-2] BasicTypeRegistry - Adding type registration long -> org.hibernate.type.LongType@4a972285
[DEBUG] 2020-10-11 10:22:30.168 [http-nio-8080-exec-2] BasicTypeRegistry - Adding type registration long -> org.hibernate.type.LongType@4a972285
[DEBUG] 2020-10-11 10:22:30.168 [http-nio-8080-exec-2] BasicTypeRegistry - Adding type registration java.lang.Long -> org.hibernate.type.LongType@4a972285
[DEBUG] 2020-10-11 10:22:30.170 [http-nio-8080-exec-2] BasicTypeRegistry - Adding type registration float -> org.hibernate.type.FloatType@2e6eda55
[DEBUG] 2020-10-11 10:22:30.171 [http-nio-8080-exec-2] BasicTypeRegistry - Adding type registration float -> org.hibernate.type.FloatType@2e6eda55
[DEBUG] 2020-10-11 10:22:30.171 [http-nio-8080-exec-2] BasicTypeRegistry - Adding type registration java.lang.Float -> org.hibernate.type.FloatType@2e6eda55
[DEBUG] 2020-10-11 10:22:30.173 [http-nio-8080-exec-2] BasicTypeRegistry - Adding type registration double -> org.hibernate.type.DoubleType@3e573eac
[DEBUG] 2020-10-11 10:22:30.173 [http-nio-8080-exec-2] BasicTypeRegistry - Adding type registration double -> org.hibernate.type.DoubleType@3e573eac
[DEBUG] 2020-10-11 10:22:30.174 [http-nio-8080-exec-2] BasicTypeRegistry - Adding type registration java.lang.Double -> org.hibernate.type.DoubleType@3e573eac
[DEBUG] 2020-10-11 10:22:30.175 [http-nio-8080-exec-2] BasicTypeRegistry - Adding type registration big_decimal -> org.hibernate.type.BigDecimalType@7d69cfa
[DEBUG] 2020-10-11 10:22:30.175 [http-nio-8080-exec-2] BasicTypeRegistry - Adding type registration java.math.BigDecimal -> org.hibernate.type.BigDecimalType@7d69cfa
[DEBUG] 2020-10-11 10:22:30.176 [http-nio-8080-exec-2] BasicTypeRegistry - Adding type registration big_integer -> org.hibernate.type.BigIntegerType@4ab6ca20
[DEBUG] 2020-10-11 10:22:30.176 [http-nio-8080-exec-2] BasicTypeRegistry - Adding type registration java.math.BigInteger -> org.hibernate.type.BigIntegerType@4ab6ca20
[DEBUG] 2020-10-11 10:22:30.177 [http-nio-8080-exec-2] BasicTypeRegistry - Adding type registration string -> org.hibernate.type.StringType@5f367e0d
[DEBUG] 2020-10-11 10:22:30.177 [http-nio-8080-exec-2] BasicTypeRegistry - Adding type registration java.lang.String -> org.hibernate.type.StringType@5f367e0d
[DEBUG] 2020-10-11 10:22:30.178 [http-nio-8080-exec-2] BasicTypeRegistry - Adding type registration nstring -> org.hibernate.type.StringNVarcharType@2dd504f6
[DEBUG] 2020-10-11 10:22:30.178 [http-nio-8080-exec-2] BasicTypeRegistry - Adding type registration ncharacter -> org.hibernate.type.CharacterNCharType@4652afc9
[DEBUG] 2020-10-11 10:22:30.181 [http-nio-8080-exec-2] BasicTypeRegistry - Adding type registration url -> org.hibernate.type.UrlType@1b1d5560
[DEBUG] 2020-10-11 10:22:30.182 [http-nio-8080-exec-2] BasicTypeRegistry - Adding type registration java.net.URL -> org.hibernate.type.UrlType@1b1d5560
[DEBUG] 2020-10-11 10:22:30.184 [http-nio-8080-exec-2] BasicTypeRegistry - Adding type registration Duration -> org.hibernate.type.DurationType@2a7ae6e8
[DEBUG] 2020-10-11 10:22:30.185 [http-nio-8080-exec-2] BasicTypeRegistry - Adding type registration java.time.Duration -> org.hibernate.type.DurationType@2a7ae6e8
[DEBUG] 2020-10-11 10:22:30.205 [http-nio-8080-exec-2] BasicTypeRegistry - Adding type registration Instant -> org.hibernate.type.InstantType@1a9db48
[DEBUG] 2020-10-11 10:22:30.206 [http-nio-8080-exec-2] BasicTypeRegistry - Adding type registration java.time.Instant -> org.hibernate.type.InstantType@1a9db48
[DEBUG] 2020-10-11 10:22:30.207 [http-nio-8080-exec-2] BasicTypeRegistry - Adding type registration LocalDateTime -> org.hibernate.type.LocalDateTimeType@25c07888
[DEBUG] 2020-10-11 10:22:30.207 [http-nio-8080-exec-2] BasicTypeRegistry - Adding type registration java.time.LocalDateTime -> org.hibernate.type.LocalDateTimeType@25c07888
[DEBUG] 2020-10-11 10:22:30.211 [http-nio-8080-exec-2] BasicTypeRegistry - Adding type registration LocalDate -> org.hibernate.type.LocalDateType@2142417d
[DEBUG] 2020-10-11 10:22:30.212 [http-nio-8080-exec-2] BasicTypeRegistry - Adding type registration java.time.LocalDate -> org.hibernate.type.LocalDateType@2142417d
[DEBUG] 2020-10-11 10:22:30.226 [http-nio-8080-exec-2] BasicTypeRegistry - Adding type registration LocalTime -> org.hibernate.type.LocalTimeType@c55cc5a
[DEBUG] 2020-10-11 10:22:30.229 [http-nio-8080-exec-2] BasicTypeRegistry - Adding type registration java.time.LocalTime -> org.hibernate.type.LocalTimeType@c55cc5a
[DEBUG] 2020-10-11 10:22:30.234 [http-nio-8080-exec-2] BasicTypeRegistry - Adding type registration OffsetDateTime -> org.hibernate.type.OffsetDateTimeType@6d455af
[DEBUG] 2020-10-11 10:22:30.235 [http-nio-8080-exec-2] BasicTypeRegistry - Adding type registration java.time.OffsetDateTime -> org.hibernate.type.OffsetDateTimeType@6d455af
[DEBUG] 2020-10-11 10:22:30.236 [http-nio-8080-exec-2] BasicTypeRegistry - Adding type registration OffsetTime -> org.hibernate.type.OffsetTimeType@616b17f8
[DEBUG] 2020-10-11 10:22:30.236 [http-nio-8080-exec-2] BasicTypeRegistry - Adding type registration java.time.OffsetTime -> org.hibernate.type.OffsetTimeType@616b17f8
[DEBUG] 2020-10-11 10:22:30.245 [http-nio-8080-exec-2] BasicTypeRegistry - Adding type registration ZonedDateTime -> org.hibernate.type.ZonedDateTimeType@485b262c
[DEBUG] 2020-10-11 10:22:30.252 [http-nio-8080-exec-2] BasicTypeRegistry - Adding type registration java.time.ZonedDateTime -> org.hibernate.type.ZonedDateTimeType@485b262c
[DEBUG] 2020-10-11 10:22:30.261 [http-nio-8080-exec-2] BasicTypeRegistry - Adding type registration date -> org.hibernate.type.DateType@13a7f8fa
[DEBUG] 2020-10-11 10:22:30.261 [http-nio-8080-exec-2] BasicTypeRegistry - Adding type registration java.sql.Date -> org.hibernate.type.DateType@13a7f8fa
[DEBUG] 2020-10-11 10:22:30.271 [http-nio-8080-exec-2] BasicTypeRegistry - Adding type registration time -> org.hibernate.type.TimeType@5a614e8e
[DEBUG] 2020-10-11 10:22:30.272 [http-nio-8080-exec-2] BasicTypeRegistry - Adding type registration java.sql.Time -> org.hibernate.type.TimeType@5a614e8e
[DEBUG] 2020-10-11 10:22:30.275 [http-nio-8080-exec-2] BasicTypeRegistry - Adding type registration timestamp -> org.hibernate.type.TimestampType@35b822d
[DEBUG] 2020-10-11 10:22:30.282 [http-nio-8080-exec-2] BasicTypeRegistry - Adding type registration java.sql.Timestamp -> org.hibernate.type.TimestampType@35b822d
[DEBUG] 2020-10-11 10:22:30.284 [http-nio-8080-exec-2] BasicTypeRegistry - Adding type registration java.util.Date -> org.hibernate.type.TimestampType@35b822d
[DEBUG] 2020-10-11 10:22:30.296 [http-nio-8080-exec-2] BasicTypeRegistry - Adding type registration dbtimestamp -> org.hibernate.type.DbTimestampType@6c71d310
[DEBUG] 2020-10-11 10:22:30.307 [http-nio-8080-exec-2] BasicTypeRegistry - Adding type registration calendar -> org.hibernate.type.CalendarType@cb441a7
[DEBUG] 2020-10-11 10:22:30.307 [http-nio-8080-exec-2] BasicTypeRegistry - Adding type registration java.util.Calendar -> org.hibernate.type.CalendarType@cb441a7
[DEBUG] 2020-10-11 10:22:30.308 [http-nio-8080-exec-2] BasicTypeRegistry - Adding type registration java.util.GregorianCalendar -> org.hibernate.type.CalendarType@cb441a7
[DEBUG] 2020-10-11 10:22:30.312 [http-nio-8080-exec-2] BasicTypeRegistry - Adding type registration calendar_date -> org.hibernate.type.CalendarDateType@48788ddd
[DEBUG] 2020-10-11 10:22:30.313 [http-nio-8080-exec-2] BasicTypeRegistry - Adding type registration locale -> org.hibernate.type.LocaleType@42cb4454
[DEBUG] 2020-10-11 10:22:30.313 [http-nio-8080-exec-2] BasicTypeRegistry - Adding type registration java.util.Locale -> org.hibernate.type.LocaleType@42cb4454
[DEBUG] 2020-10-11 10:22:30.314 [http-nio-8080-exec-2] BasicTypeRegistry - Adding type registration currency -> org.hibernate.type.CurrencyType@1120b3fc
[DEBUG] 2020-10-11 10:22:30.314 [http-nio-8080-exec-2] BasicTypeRegistry - Adding type registration java.util.Currency -> org.hibernate.type.CurrencyType@1120b3fc
[DEBUG] 2020-10-11 10:22:30.315 [http-nio-8080-exec-2] BasicTypeRegistry - Adding type registration timezone -> org.hibernate.type.TimeZoneType@7d0a2806
[DEBUG] 2020-10-11 10:22:30.315 [http-nio-8080-exec-2] BasicTypeRegistry - Adding type registration java.util.TimeZone -> org.hibernate.type.TimeZoneType@7d0a2806
[DEBUG] 2020-10-11 10:22:30.315 [http-nio-8080-exec-2] BasicTypeRegistry - Adding type registration class -> org.hibernate.type.ClassType@3f1face6
[DEBUG] 2020-10-11 10:22:30.320 [http-nio-8080-exec-2] BasicTypeRegistry - Adding type registration java.lang.Class -> org.hibernate.type.ClassType@3f1face6
[DEBUG] 2020-10-11 10:22:30.321 [http-nio-8080-exec-2] BasicTypeRegistry - Adding type registration uuid-binary -> org.hibernate.type.UUIDBinaryType@489f562d
[DEBUG] 2020-10-11 10:22:30.321 [http-nio-8080-exec-2] BasicTypeRegistry - Adding type registration java.util.UUID -> org.hibernate.type.UUIDBinaryType@489f562d
[DEBUG] 2020-10-11 10:22:30.326 [http-nio-8080-exec-2] BasicTypeRegistry - Adding type registration uuid-char -> org.hibernate.type.UUIDCharType@1799a7ee
[DEBUG] 2020-10-11 10:22:30.328 [http-nio-8080-exec-2] BasicTypeRegistry - Adding type registration binary -> org.hibernate.type.BinaryType@71074d3
[DEBUG] 2020-10-11 10:22:30.329 [http-nio-8080-exec-2] BasicTypeRegistry - Adding type registration byte[] -> org.hibernate.type.BinaryType@71074d3
[DEBUG] 2020-10-11 10:22:30.330 [http-nio-8080-exec-2] BasicTypeRegistry - Adding type registration [B -> org.hibernate.type.BinaryType@71074d3
[DEBUG] 2020-10-11 10:22:30.332 [http-nio-8080-exec-2] BasicTypeRegistry - Adding type registration wrapper-binary -> org.hibernate.type.WrapperBinaryType@75d9cbe4
[DEBUG] 2020-10-11 10:22:30.332 [http-nio-8080-exec-2] BasicTypeRegistry - Adding type registration Byte[] -> org.hibernate.type.WrapperBinaryType@75d9cbe4
[DEBUG] 2020-10-11 10:22:30.333 [http-nio-8080-exec-2] BasicTypeRegistry - Adding type registration [Ljava.lang.Byte; -> org.hibernate.type.WrapperBinaryType@75d9cbe4
[DEBUG] 2020-10-11 10:22:30.336 [http-nio-8080-exec-2] BasicTypeRegistry - Adding type registration row_version -> org.hibernate.type.RowVersionType@7acb9728
[DEBUG] 2020-10-11 10:22:30.336 [http-nio-8080-exec-2] BasicTypeRegistry - Adding type registration image -> org.hibernate.type.ImageType@2ef12566
[DEBUG] 2020-10-11 10:22:30.338 [http-nio-8080-exec-2] BasicTypeRegistry - Adding type registration characters -> org.hibernate.type.CharArrayType@47910a1d
[DEBUG] 2020-10-11 10:22:30.338 [http-nio-8080-exec-2] BasicTypeRegistry - Adding type registration char[] -> org.hibernate.type.CharArrayType@47910a1d
[DEBUG] 2020-10-11 10:22:30.338 [http-nio-8080-exec-2] BasicTypeRegistry - Adding type registration [C -> org.hibernate.type.CharArrayType@47910a1d
[DEBUG] 2020-10-11 10:22:30.342 [http-nio-8080-exec-2] BasicTypeRegistry - Adding type registration wrapper-characters -> org.hibernate.type.CharacterArrayType@2b326c27
[DEBUG] 2020-10-11 10:22:30.342 [http-nio-8080-exec-2] BasicTypeRegistry - Adding type registration [Ljava.lang.Character; -> org.hibernate.type.CharacterArrayType@2b326c27
[DEBUG] 2020-10-11 10:22:30.342 [http-nio-8080-exec-2] BasicTypeRegistry - Adding type registration Character[] -> org.hibernate.type.CharacterArrayType@2b326c27
[DEBUG] 2020-10-11 10:22:30.342 [http-nio-8080-exec-2] BasicTypeRegistry - Adding type registration text -> org.hibernate.type.TextType@103891b3
[DEBUG] 2020-10-11 10:22:30.343 [http-nio-8080-exec-2] BasicTypeRegistry - Adding type registration ntext -> org.hibernate.type.NTextType@5b9c7cdd
[DEBUG] 2020-10-11 10:22:30.354 [http-nio-8080-exec-2] BasicTypeRegistry - Adding type registration blob -> org.hibernate.type.BlobType@37c438
[DEBUG] 2020-10-11 10:22:30.356 [http-nio-8080-exec-2] BasicTypeRegistry - Adding type registration java.sql.Blob -> org.hibernate.type.BlobType@37c438
[DEBUG] 2020-10-11 10:22:30.359 [http-nio-8080-exec-2] BasicTypeRegistry - Adding type registration materialized_blob -> org.hibernate.type.MaterializedBlobType@48892165
[DEBUG] 2020-10-11 10:22:30.360 [http-nio-8080-exec-2] BasicTypeRegistry - Adding type registration clob -> org.hibernate.type.ClobType@4cbf0a28
[DEBUG] 2020-10-11 10:22:30.360 [http-nio-8080-exec-2] BasicTypeRegistry - Adding type registration java.sql.Clob -> org.hibernate.type.ClobType@4cbf0a28
[DEBUG] 2020-10-11 10:22:30.366 [http-nio-8080-exec-2] BasicTypeRegistry - Adding type registration nclob -> org.hibernate.type.NClobType@56de2f7d
[DEBUG] 2020-10-11 10:22:30.367 [http-nio-8080-exec-2] BasicTypeRegistry - Adding type registration java.sql.NClob -> org.hibernate.type.NClobType@56de2f7d
[DEBUG] 2020-10-11 10:22:30.373 [http-nio-8080-exec-2] BasicTypeRegistry - Adding type registration materialized_clob -> org.hibernate.type.MaterializedClobType@22c09373
[DEBUG] 2020-10-11 10:22:30.374 [http-nio-8080-exec-2] BasicTypeRegistry - Adding type registration materialized_nclob -> org.hibernate.type.MaterializedNClobType@5a84bf9e
[DEBUG] 2020-10-11 10:22:30.379 [http-nio-8080-exec-2] BasicTypeRegistry - Adding type registration serializable -> org.hibernate.type.SerializableType@66debbb1
[DEBUG] 2020-10-11 10:22:30.391 [http-nio-8080-exec-2] BasicTypeRegistry - Adding type registration object -> org.hibernate.type.ObjectType@a20ef2c
[DEBUG] 2020-10-11 10:22:30.391 [http-nio-8080-exec-2] BasicTypeRegistry - Adding type registration java.lang.Object -> org.hibernate.type.ObjectType@a20ef2c
[DEBUG] 2020-10-11 10:22:30.393 [http-nio-8080-exec-2] BasicTypeRegistry - Adding type registration imm_date -> org.hibernate.type.AdaptedImmutableType@3ba1d131
[DEBUG] 2020-10-11 10:22:30.393 [http-nio-8080-exec-2] BasicTypeRegistry - Adding type registration imm_time -> org.hibernate.type.AdaptedImmutableType@3d627231
[DEBUG] 2020-10-11 10:22:30.393 [http-nio-8080-exec-2] BasicTypeRegistry - Adding type registration imm_timestamp -> org.hibernate.type.AdaptedImmutableType@4a47abd4
[DEBUG] 2020-10-11 10:22:30.393 [http-nio-8080-exec-2] BasicTypeRegistry - Adding type registration imm_dbtimestamp -> org.hibernate.type.AdaptedImmutableType@54263cb1
[DEBUG] 2020-10-11 10:22:30.393 [http-nio-8080-exec-2] BasicTypeRegistry - Adding type registration imm_calendar -> org.hibernate.type.AdaptedImmutableType@613b575d
[DEBUG] 2020-10-11 10:22:30.396 [http-nio-8080-exec-2] BasicTypeRegistry - Adding type registration imm_calendar_date -> org.hibernate.type.AdaptedImmutableType@4f6642b1
[DEBUG] 2020-10-11 10:22:30.396 [http-nio-8080-exec-2] BasicTypeRegistry - Adding type registration imm_binary -> org.hibernate.type.AdaptedImmutableType@38085982
[DEBUG] 2020-10-11 10:22:30.396 [http-nio-8080-exec-2] BasicTypeRegistry - Adding type registration imm_serializable -> org.hibernate.type.AdaptedImmutableType@5d2e2986
[DEBUG] 2020-10-11 10:22:30.458 [http-nio-8080-exec-2] DefaultIdentifierGeneratorFactory - Registering IdentifierGenerator strategy [uuid2] -> [org.hibernate.id.UUIDGenerator]
[DEBUG] 2020-10-11 10:22:30.459 [http-nio-8080-exec-2] DefaultIdentifierGeneratorFactory - Registering IdentifierGenerator strategy [guid] -> [org.hibernate.id.GUIDGenerator]
[DEBUG] 2020-10-11 10:22:30.460 [http-nio-8080-exec-2] DefaultIdentifierGeneratorFactory - Registering IdentifierGenerator strategy [uuid] -> [org.hibernate.id.UUIDHexGenerator]
[DEBUG] 2020-10-11 10:22:30.460 [http-nio-8080-exec-2] DefaultIdentifierGeneratorFactory - Registering IdentifierGenerator strategy [uuid.hex] -> [org.hibernate.id.UUIDHexGenerator]
[DEBUG] 2020-10-11 10:22:30.462 [http-nio-8080-exec-2] DefaultIdentifierGeneratorFactory - Registering IdentifierGenerator strategy [assigned] -> [org.hibernate.id.Assigned]
[DEBUG] 2020-10-11 10:22:30.469 [http-nio-8080-exec-2] DefaultIdentifierGeneratorFactory - Registering IdentifierGenerator strategy [identity] -> [org.hibernate.id.IdentityGenerator]
[DEBUG] 2020-10-11 10:22:30.470 [http-nio-8080-exec-2] DefaultIdentifierGeneratorFactory - Registering IdentifierGenerator strategy [select] -> [org.hibernate.id.SelectGenerator]
[DEBUG] 2020-10-11 10:22:30.474 [http-nio-8080-exec-2] DefaultIdentifierGeneratorFactory - Registering IdentifierGenerator strategy [sequence] -> [org.hibernate.id.enhanced.SequenceStyleGenerator]
[DEBUG] 2020-10-11 10:22:30.476 [http-nio-8080-exec-2] DefaultIdentifierGeneratorFactory - Registering IdentifierGenerator strategy [seqhilo] -> [org.hibernate.id.SequenceHiLoGenerator]
[DEBUG] 2020-10-11 10:22:30.477 [http-nio-8080-exec-2] DefaultIdentifierGeneratorFactory - Registering IdentifierGenerator strategy [increment] -> [org.hibernate.id.IncrementGenerator]
[DEBUG] 2020-10-11 10:22:30.477 [http-nio-8080-exec-2] DefaultIdentifierGeneratorFactory - Registering IdentifierGenerator strategy [foreign] -> [org.hibernate.id.ForeignGenerator]
[DEBUG] 2020-10-11 10:22:30.477 [http-nio-8080-exec-2] DefaultIdentifierGeneratorFactory - Registering IdentifierGenerator strategy [sequence-identity] -> [org.hibernate.id.SequenceIdentityGenerator]
[DEBUG] 2020-10-11 10:22:30.477 [http-nio-8080-exec-2] DefaultIdentifierGeneratorFactory - Registering IdentifierGenerator strategy [enhanced-sequence] -> [org.hibernate.id.enhanced.SequenceStyleGenerator]
[DEBUG] 2020-10-11 10:22:30.478 [http-nio-8080-exec-2] DefaultIdentifierGeneratorFactory - Registering IdentifierGenerator strategy [enhanced-table] -> [org.hibernate.id.enhanced.TableGenerator]
[INFO ] 2020-10-11 10:22:30.489 [http-nio-8080-exec-2] C3P0ConnectionProvider - HHH010002: C3P0 using driver: com.mysql.cj.jdbc.Driver at URL: jdbc:mysql://localhost:3306/sample
[INFO ] 2020-10-11 10:22:30.489 [http-nio-8080-exec-2] C3P0ConnectionProvider - HHH10001001: Connection properties: {password=****, user=root}
[INFO ] 2020-10-11 10:22:30.489 [http-nio-8080-exec-2] C3P0ConnectionProvider - HHH10001003: Autocommit mode: false
[INFO ] 2020-10-11 10:22:30.892 [http-nio-8080-exec-2] C3P0ConnectionProvider - HHH10001007: JDBC isolation level: <unknown>
[DEBUG] 2020-10-11 10:22:32.472 [http-nio-8080-exec-2] JdbcEnvironmentInitiator - Database ->
       name : MySQL
    version : 8.0.16
      major : 8
      minor : 0
[DEBUG] 2020-10-11 10:22:32.474 [http-nio-8080-exec-2] JdbcEnvironmentInitiator - Driver ->
       name : MySQL Connector/J
    version : mysql-connector-java-8.0.16 (Revision: 34cbc6bc61f72836e26327537a432d6db7c77de6)
      major : 8
      minor : 0
[DEBUG] 2020-10-11 10:22:32.474 [http-nio-8080-exec-2] JdbcEnvironmentInitiator - JDBC version : 4.2
[INFO ] 2020-10-11 10:22:32.642 [http-nio-8080-exec-2] Dialect - HHH000400: Using dialect: org.hibernate.dialect.MySQL8Dialect
[DEBUG] 2020-10-11 10:22:32.720 [http-nio-8080-exec-2] IdentifierHelperBuilder - JDBC driver metadata reported database stores quoted identifiers in more than one case
[DEBUG] 2020-10-11 10:22:32.816 [http-nio-8080-exec-2] IdentifierHelperBuilder - IdentifierCaseStrategy for both quoted and unquoted identifiers was set to the same strategy [MIXED]; that will likely lead to problems in schema update and validation if using quoted identifiers
[DEBUG] 2020-10-11 10:22:32.943 [http-nio-8080-exec-2] Namespace - Created database namespace [logicalName=Name{catalog=null, schema=null}, physicalName=Name{catalog=null, schema=null}]
[DEBUG] 2020-10-11 10:22:32.966 [http-nio-8080-exec-2] TypeConfiguration$Scope - Scoping TypeConfiguration [org.hibernate.type.spi.TypeConfiguration@56ab5021] to MetadataBuildingContext [org.hibernate.boot.internal.MetadataBuildingContextRootImpl@3e4ba907]
[DEBUG] 2020-10-11 10:22:33.192 [http-nio-8080-exec-2] AnnotationBinder - Binding entity from annotated class: BillingSystem.entity.User
[DEBUG] 2020-10-11 10:22:33.315 [http-nio-8080-exec-2] Ejb3Column - Binding column: Ejb3DiscriminatorColumn{logicalColumnName'DTYPE', discriminatorTypeName='string'}
[DEBUG] 2020-10-11 10:22:33.356 [http-nio-8080-exec-2] EntityBinder - Import with entity name User
[DEBUG] 2020-10-11 10:22:33.368 [http-nio-8080-exec-2] EntityBinder - Bind entity BillingSystem.entity.User on table user
[DEBUG] 2020-10-11 10:22:33.461 [http-nio-8080-exec-2] Ejb3Column - Binding column: Ejb3Column{table=org.hibernate.mapping.Table(user), mappingColumn=id, insertable=true, updatable=true, unique=false}
[DEBUG] 2020-10-11 10:22:33.468 [http-nio-8080-exec-2] PropertyBinder - MetadataSourceProcessor property id with lazy=false
[DEBUG] 2020-10-11 10:22:33.470 [http-nio-8080-exec-2] AbstractPropertyHolder - Attempting to locate auto-apply AttributeConverter for property [BillingSystem.entity.User:id]
[DEBUG] 2020-10-11 10:22:33.491 [http-nio-8080-exec-2] SimpleValueBinder - building SimpleValue for id
[DEBUG] 2020-10-11 10:22:33.499 [http-nio-8080-exec-2] PropertyBinder - Building property id
[DEBUG] 2020-10-11 10:22:33.512 [http-nio-8080-exec-2] BinderHelper - #makeIdGenerator(org.hibernate.mapping.SimpleValue([org.hibernate.mapping.Column(id)]), id, org.hibernate.id.enhanced.SequenceStyleGenerator, native, ...)
[DEBUG] 2020-10-11 10:22:33.523 [http-nio-8080-exec-2] Ejb3Column - Binding column: Ejb3Column{table=org.hibernate.mapping.Table(user), mappingColumn=date_of_birth, insertable=true, updatable=true, unique=false}
[DEBUG] 2020-10-11 10:22:33.526 [http-nio-8080-exec-2] PropertyBinder - MetadataSourceProcessor property dateOfBirth with lazy=false
[DEBUG] 2020-10-11 10:22:33.527 [http-nio-8080-exec-2] AbstractPropertyHolder - Attempting to locate auto-apply AttributeConverter for property [BillingSystem.entity.User:dateOfBirth]
[DEBUG] 2020-10-11 10:22:33.527 [http-nio-8080-exec-2] SimpleValueBinder - building SimpleValue for dateOfBirth
[DEBUG] 2020-10-11 10:22:33.527 [http-nio-8080-exec-2] PropertyBinder - Building property dateOfBirth
[DEBUG] 2020-10-11 10:22:33.528 [http-nio-8080-exec-2] Ejb3Column - Binding column: Ejb3Column{table=org.hibernate.mapping.Table(user), mappingColumn=first_name, insertable=true, updatable=true, unique=false}
[DEBUG] 2020-10-11 10:22:33.528 [http-nio-8080-exec-2] PropertyBinder - MetadataSourceProcessor property firstName with lazy=false
[DEBUG] 2020-10-11 10:22:33.528 [http-nio-8080-exec-2] AbstractPropertyHolder - Attempting to locate auto-apply AttributeConverter for property [BillingSystem.entity.User:firstName]
[DEBUG] 2020-10-11 10:22:33.528 [http-nio-8080-exec-2] SimpleValueBinder - building SimpleValue for firstName
[DEBUG] 2020-10-11 10:22:33.528 [http-nio-8080-exec-2] PropertyBinder - Building property firstName
[DEBUG] 2020-10-11 10:22:33.528 [http-nio-8080-exec-2] Ejb3Column - Binding column: Ejb3Column{table=org.hibernate.mapping.Table(user), mappingColumn=last_name, insertable=true, updatable=true, unique=false}
[DEBUG] 2020-10-11 10:22:33.529 [http-nio-8080-exec-2] PropertyBinder - MetadataSourceProcessor property lastName with lazy=false
[DEBUG] 2020-10-11 10:22:33.529 [http-nio-8080-exec-2] AbstractPropertyHolder - Attempting to locate auto-apply AttributeConverter for property [BillingSystem.entity.User:lastName]
[DEBUG] 2020-10-11 10:22:33.529 [http-nio-8080-exec-2] SimpleValueBinder - building SimpleValue for lastName
[DEBUG] 2020-10-11 10:22:33.529 [http-nio-8080-exec-2] PropertyBinder - Building property lastName
[DEBUG] 2020-10-11 10:22:33.529 [http-nio-8080-exec-2] Ejb3Column - Binding column: Ejb3Column{table=org.hibernate.mapping.Table(user), mappingColumn=password, insertable=true, updatable=true, unique=false}
[DEBUG] 2020-10-11 10:22:33.530 [http-nio-8080-exec-2] PropertyBinder - MetadataSourceProcessor property password with lazy=false
[DEBUG] 2020-10-11 10:22:33.533 [http-nio-8080-exec-2] AbstractPropertyHolder - Attempting to locate auto-apply AttributeConverter for property [BillingSystem.entity.User:password]
[DEBUG] 2020-10-11 10:22:33.533 [http-nio-8080-exec-2] SimpleValueBinder - building SimpleValue for password
[DEBUG] 2020-10-11 10:22:33.533 [http-nio-8080-exec-2] PropertyBinder - Building property password
[DEBUG] 2020-10-11 10:22:33.533 [http-nio-8080-exec-2] Ejb3Column - Binding column: Ejb3Column{table=org.hibernate.mapping.Table(user), mappingColumn=user_name, insertable=true, updatable=true, unique=false}
[DEBUG] 2020-10-11 10:22:33.533 [http-nio-8080-exec-2] PropertyBinder - MetadataSourceProcessor property userName with lazy=false
[DEBUG] 2020-10-11 10:22:33.533 [http-nio-8080-exec-2] AbstractPropertyHolder - Attempting to locate auto-apply AttributeConverter for property [BillingSystem.entity.User:userName]
[DEBUG] 2020-10-11 10:22:33.533 [http-nio-8080-exec-2] SimpleValueBinder - building SimpleValue for userName
[DEBUG] 2020-10-11 10:22:33.533 [http-nio-8080-exec-2] PropertyBinder - Building property userName
[DEBUG] 2020-10-11 10:22:33.549 [http-nio-8080-exec-2] SimpleValueBinder - Starting fillSimpleValue for id
[DEBUG] 2020-10-11 10:22:33.549 [http-nio-8080-exec-2] SimpleValueBinder - Starting fillSimpleValue for dateOfBirth
[DEBUG] 2020-10-11 10:22:33.550 [http-nio-8080-exec-2] SimpleValueBinder - Starting fillSimpleValue for firstName
[DEBUG] 2020-10-11 10:22:33.550 [http-nio-8080-exec-2] SimpleValueBinder - Starting fillSimpleValue for lastName
[DEBUG] 2020-10-11 10:22:33.552 [http-nio-8080-exec-2] SimpleValueBinder - Starting fillSimpleValue for password
[DEBUG] 2020-10-11 10:22:33.552 [http-nio-8080-exec-2] SimpleValueBinder - Starting fillSimpleValue for userName
[DEBUG] 2020-10-11 10:22:33.556 [http-nio-8080-exec-2] PrimaryKey - Forcing column [id] to be non-null as it is part of the primary key for table [user]
[DEBUG] 2020-10-11 10:22:33.640 [http-nio-8080-exec-2] SessionFactoryImpl - Building session factory
[DEBUG] 2020-10-11 10:22:33.641 [http-nio-8080-exec-2] Settings - SessionFactory name : null
[DEBUG] 2020-10-11 10:22:33.641 [http-nio-8080-exec-2] Settings - Automatic flush during beforeCompletion(): enabled
[DEBUG] 2020-10-11 10:22:33.641 [http-nio-8080-exec-2] Settings - Automatic session close at end of transaction: disabled
[DEBUG] 2020-10-11 10:22:33.641 [http-nio-8080-exec-2] Settings - Statistics: disabled
[DEBUG] 2020-10-11 10:22:33.641 [http-nio-8080-exec-2] Settings - Deleted entity synthetic identifier rollback: disabled
[DEBUG] 2020-10-11 10:22:33.641 [http-nio-8080-exec-2] Settings - Default entity-mode: pojo
[DEBUG] 2020-10-11 10:22:33.641 [http-nio-8080-exec-2] Settings - Check Nullability in Core (should be disabled when Bean Validation is on): enabled
[DEBUG] 2020-10-11 10:22:33.641 [http-nio-8080-exec-2] Settings - Allow initialization of lazy state outside session : disabled
[DEBUG] 2020-10-11 10:22:33.641 [http-nio-8080-exec-2] Settings - Using BatchFetchStyle : LEGACY
[DEBUG] 2020-10-11 10:22:33.641 [http-nio-8080-exec-2] Settings - Default batch fetch size: -1
[DEBUG] 2020-10-11 10:22:33.641 [http-nio-8080-exec-2] Settings - Maximum outer join fetch depth: 2
[DEBUG] 2020-10-11 10:22:33.641 [http-nio-8080-exec-2] Settings - Default null ordering: NONE
[DEBUG] 2020-10-11 10:22:33.642 [http-nio-8080-exec-2] Settings - Order SQL updates by primary key: disabled
[DEBUG] 2020-10-11 10:22:33.642 [http-nio-8080-exec-2] Settings - Order SQL inserts for batching: disabled
[DEBUG] 2020-10-11 10:22:33.642 [http-nio-8080-exec-2] Settings - multi-tenancy strategy : NONE
[DEBUG] 2020-10-11 10:22:33.642 [http-nio-8080-exec-2] Settings - JTA Track by Thread: enabled
[DEBUG] 2020-10-11 10:22:33.642 [http-nio-8080-exec-2] Settings - Query language substitutions: {}
[DEBUG] 2020-10-11 10:22:33.642 [http-nio-8080-exec-2] Settings - Named query checking : enabled
[DEBUG] 2020-10-11 10:22:33.642 [http-nio-8080-exec-2] Settings - Second-level cache: disabled
[DEBUG] 2020-10-11 10:22:33.642 [http-nio-8080-exec-2] Settings - Second-level query cache: disabled
[DEBUG] 2020-10-11 10:22:33.644 [http-nio-8080-exec-2] Settings - Second-level query cache factory: null
[DEBUG] 2020-10-11 10:22:33.651 [http-nio-8080-exec-2] Settings - Second-level cache region prefix: null
[DEBUG] 2020-10-11 10:22:33.651 [http-nio-8080-exec-2] Settings - Optimize second-level cache for minimal puts: disabled
[DEBUG] 2020-10-11 10:22:33.651 [http-nio-8080-exec-2] Settings - Structured second-level cache entries: disabled
[DEBUG] 2020-10-11 10:22:33.651 [http-nio-8080-exec-2] Settings - Second-level cache direct-reference entries: disabled
[DEBUG] 2020-10-11 10:22:33.653 [http-nio-8080-exec-2] Settings - Automatic eviction of collection cache: disabled
[DEBUG] 2020-10-11 10:22:33.653 [http-nio-8080-exec-2] Settings - JDBC batch size: 15
[DEBUG] 2020-10-11 10:22:33.653 [http-nio-8080-exec-2] Settings - JDBC batch updates for versioned data: enabled
[DEBUG] 2020-10-11 10:22:33.653 [http-nio-8080-exec-2] Settings - Scrollable result sets: enabled
[DEBUG] 2020-10-11 10:22:33.653 [http-nio-8080-exec-2] Settings - Wrap result sets: disabled
[DEBUG] 2020-10-11 10:22:33.654 [http-nio-8080-exec-2] Settings - JDBC3 getGeneratedKeys(): enabled
[DEBUG] 2020-10-11 10:22:33.654 [http-nio-8080-exec-2] Settings - JDBC result set fetch size: null
[DEBUG] 2020-10-11 10:22:33.654 [http-nio-8080-exec-2] Settings - Connection release mode: AFTER_TRANSACTION
[DEBUG] 2020-10-11 10:22:33.654 [http-nio-8080-exec-2] Settings - Generate SQL with comments: disabled
[DEBUG] 2020-10-11 10:22:33.654 [http-nio-8080-exec-2] Settings - JPA compliance - query : 
[DEBUG] 2020-10-11 10:22:33.654 [http-nio-8080-exec-2] Settings - JPA compliance - closed-handling : 
[DEBUG] 2020-10-11 10:22:33.654 [http-nio-8080-exec-2] Settings - JPA compliance - lists : 
[DEBUG] 2020-10-11 10:22:33.654 [http-nio-8080-exec-2] Settings - JPA compliance - transactions : 
[INFO ] 2020-10-11 10:22:33.860 [http-nio-8080-exec-2] beans - HHH10005002: No explicit CDI BeanManager reference was passed to Hibernate, but CDI is available on the Hibernate ClassLoader.
[DEBUG] 2020-10-11 10:22:33.925 [http-nio-8080-exec-2] SessionFactoryImpl - Session factory constructed with filter configurations : {}
[DEBUG] 2020-10-11 10:22:33.928 [http-nio-8080-exec-2] SessionFactoryImpl - Instantiating session factory with properties: {awt.toolkit=sun.awt.X11.XToolkit, java.specification.version=11, sun.cpu.isalist=, hibernate.c3p0.idle_test_period=3000, sun.jnu.encoding=UTF-8, hibernate.c3p0.min_size=5, sun.arch.data.model=64, java.vendor.url=https://ubuntu.com/, catalina.useNaming=true, openejb.provider.default=org.apache.tomee, sun.boot.library.path=/usr/lib/jvm/java-11-openjdk-amd64/lib, com.sun.management.jmxremote.ssl=false, sun.java.command=org.apache.catalina.startup.Bootstrap start, jdk.debug=release, java.specification.vendor=Oracle Corporation, java.naming.factory.url.pkgs=org.apache.naming:org.apache.openejb.core.ivm.naming, openejb.embedder.source=ServerListener, java.version.date=2020-07-14, java.home=/usr/lib/jvm/java-11-openjdk-amd64, ignore.endorsed.dirs=, file.separator=/, java.vm.compressedOopsMode=32-bit, line.separator=
, hibernate.c3p0.timeout=300, java.specification.name=Java Platform API Specification, java.vm.specification.vendor=Oracle Corporation, openejb.scan.webapp.container=true, com.sun.management.jmxremote.password.file=/home/student/.IntelliJIdea2019.1/system/tomcat/Unnamed_BillingSystem/jmxremote.password, package.definition=sun.,java.,org.apache.catalina.,org.apache.coyote.,org.apache.jasper.,org.apache.naming.,org.apache.tomcat., openejb.deployments.classpath.filter.systemapps=false, jdk.tls.ephemeralDHKeySize=2048, java.util.logging.config.file=/home/student/.IntelliJIdea2019.1/system/tomcat/Unnamed_BillingSystem/conf/logging.properties, java.protocol.handler.pkgs=org.apache.catalina.webresources, connection.password=student, sun.management.compiler=HotSpot 64-Bit Tiered Compilers, openejb.scan.webapp.container.excludes=, java.runtime.version=11.0.8+10-post-Ubuntu-0ubuntu118.04.1, user.name=student, org.apache.johnzon.max-string-length=8192, file.encoding=UTF-8, derby.system.home=/home/student/tomcat/bin, org.apache.catalina.security.SecurityListener.UMASK=0027, hibernate.connection.driver_class=com.mysql.cj.jdbc.Driver, java.io.tmpdir=/home/student/tomcat/temp, tomcat.util.scan.StandardJarScanFilter.jarsToScan=log4j-taglib*.jar,log4j-web*.jar,log4javascript*.jar,slf4j-taglib*.jar, java.version=11.0.8, com.sun.management.jmxremote.port=1099, tomcat.util.scan.StandardJarScanFilter.jarsToSkip=annotations-api.jar,ant-junit*.jar,ant-launcher.jar,ant.jar,asm-*.jar,aspectj*.jar,bootstrap.jar,catalina-ant.jar,catalina-ha.jar,catalina-jmx-remote.jar,catalina-storeconfig.jar,catalina-tribes.jar,catalina-ws.jar,catalina.jar,cglib-*.jar,cobertura-*.jar,commons-beanutils*.jar,commons-codec*.jar,commons-collections*.jar,commons-daemon.jar,commons-dbcp*.jar,commons-digester*.jar,commons-fileupload*.jar,commons-httpclient*.jar,commons-io*.jar,commons-lang*.jar,commons-logging*.jar,commons-math*.jar,commons-pool*.jar,dom4j-*.jar,easymock-*.jar,ecj-*.jar,el-api.jar,geronimo-spec-jaxrpc*.jar,h2*.jar,hamcrest-*.jar,hibernate*.jar,httpclient*.jar,icu4j-*.jar,jasper-el.jar,jasper.jar,jaspic-api.jar,jaxb-*.jar,jaxen-*.jar,jdom-*.jar,jetty-*.jar,jmx-tools.jar,jmx.jar,jsp-api.jar,jstl.jar,jta*.jar,junit-*.jar,junit.jar,log4j*.jar,mail*.jar,objenesis-*.jar,oraclepki.jar,oro-*.jar,servlet-api-*.jar,servlet-api.jar,slf4j*.jar,taglibs-standard-spec-*.jar,tagsoup-*.jar,tomcat-api.jar,tomcat-coyote.jar,tomcat-dbcp.jar,tomcat-i18n-*.jar,tomcat-jdbc.jar,tomcat-jni.jar,tomcat-juli-adapters.jar,tomcat-juli.jar,tomcat-util-scan.jar,tomcat-util.jar,tomcat-websocket.jar,tools.jar,websocket-api.jar,wsdl4j*.jar,xercesImpl.jar,xml-apis.jar,xmlParserAPIs-*.jar,xmlParserAPIs.jar,xom-*.jar, connection.username=root, java.vm.specification.name=Java Virtual Machine Specification, java.awt.printerjob=sun.print.PSPrinterJob, sun.os.patch.level=unknown, connection.driver_class=com.mysql.cj.jdbc.Driver, tomcat.built=May 4 2019 09:17:16 UTC, java.library.path=/usr/java/packages/lib:/usr/lib/x86_64-linux-gnu/jni:/lib/x86_64-linux-gnu:/usr/lib/x86_64-linux-gnu:/usr/lib/jni:/lib:/usr/lib, java.vendor=Ubuntu, tomee.version=7.1.1, java.rmi.server.randomIDs=true, sun.io.unicode.encoding=UnicodeLittle, tomcat.util.buf.StringCache.byte.enabled=true, sun.desktop=gnome, java.class.path=/home/student/tomcat/bin/bootstrap.jar:/home/student/tomcat/bin/tomcat-juli.jar, tomcat.version=8.5.41.0, java.vm.vendor=Ubuntu, openejb.home=/home/student/tomcat, openejb.system.apps=true, user.timezone=America/Chicago, os.name=Linux, java.vm.specification.version=11, sun.java.launcher=SUN_STANDARD, user.country=US, openejb.base=/home/student/.IntelliJIdea2019.1/system/tomcat/Unnamed_BillingSystem, com.sun.management.jmxremote=, sun.cpu.endian=little, user.home=/home/student, hibernate.c3p0.max_statements=50, user.language=en, openejb.deployments.classpath=false, java.awt.graphicsenv=sun.awt.X11GraphicsEnvironment, package.access=sun.,org.apache.catalina.,org.apache.coyote.,org.apache.jasper.,org.apache.tomcat., openejb.loader=tomcat-system, server.loader=, com.sun.management.jmxremote.access.file=/home/student/.IntelliJIdea2019.1/system/tomcat/Unnamed_BillingSystem/jmxremote.access, hibernate.c3p0.max_size=20, java.naming.factory.initial=org.apache.naming.java.javaURLContextFactory, path.separator=:, org.apache.openejb.core.security.JaccProvider=org.apache.openejb.core.security.jacc.BasicJaccProvider, common.loader="/home/student/tomcat/lib","/home/student/tomcat/lib/*.jar","/home/student/tomcat/lib","/home/student/tomcat/lib/*.jar", hibernate.connection.username=****, os.version=5.4.0-48-generic, openejb.version=7.1.1, org.apache.security.jacc.EJBMethodPermission.methodInterfaces=BusinessLocalHome,BusinessRemoteHome,BusinessRemote,BusinessLocal, java.runtime.name=OpenJDK Runtime Environment, hibernate.connection.url=jdbc:mysql://localhost:3306/sample, java.vm.name=OpenJDK 64-Bit Server VM, openejb.scan.webapp.container.includes=.*(geronimo|mp-jwt|failsafe).*, tomee.remote.support=true, java.vendor.url.bug=https://bugs.launchpad.net/ubuntu/+source/openjdk-lts, catalina.home=/home/student/tomcat, user.dir=/home/student/tomcat/bin, bval.in-container=true, os.arch=amd64, openjpa.Log=org.apache.openejb.openjpa.JULOpenJPALogFactory, hibernate.connection.password=****, tomee.serialization.class.blacklist=-, tomee.serialization.class.whitelist=, shared.loader=, catalina.base=/home/student/.IntelliJIdea2019.1/system/tomcat/Unnamed_BillingSystem, hibernate.boot.CfgXmlAccessService.key=org.hibernate.boot.cfgxml.spi.LoadedConfig@4c5f52a6, noBanner=true, java.util.logging.manager=org.apache.juli.ClassLoaderLogManager, org.apache.webbeans.logger.WebBeansLoggerFacade=org.apache.openejb.cdi.logging.ContainerJULLoggerFactory, java.vm.info=mixed mode, sharing, java.vm.version=11.0.8+10-post-Ubuntu-0ubuntu118.04.1, hibernate.bytecode.use_reflection_optimizer=false, java.rmi.server.hostname=127.0.0.1, javax.security.jacc.PolicyConfigurationFactory.provider=org.apache.openejb.core.security.JaccProvider$Factory, connection.url=jdbc:mysql://localhost:3306/sample, java.class.version=55.0, authconfigprovider.factory=false}
[DEBUG] 2020-10-11 10:22:34.000 [http-nio-8080-exec-2] ClassLoaderAccessImpl - Not known whether passed class name [BillingSystem.entity.User] is safe
[DEBUG] 2020-10-11 10:22:34.001 [http-nio-8080-exec-2] ClassLoaderAccessImpl - No temp ClassLoader provided; using live ClassLoader for loading potentially unsafe class : BillingSystem.entity.User
[DEBUG] 2020-10-11 10:22:34.073 [http-nio-8080-exec-2] JaccIntegrator - Skipping JACC integration as it was not enabled
[DEBUG] 2020-10-11 10:22:34.075 [http-nio-8080-exec-2] SessionFactoryImpl - Instantiated session factory
[DEBUG] 2020-10-11 10:22:34.075 [http-nio-8080-exec-2] TypeConfiguration$Scope - Scoping TypeConfiguration [org.hibernate.type.spi.TypeConfiguration@56ab5021] to SessionFactoryImpl [org.hibernate.internal.SessionFactoryImpl@4989b9ae]
[DEBUG] 2020-10-11 10:22:34.261 [http-nio-8080-exec-2] ClassLoaderAccessImpl - Not known whether passed class name [BillingSystem.entity.User] is safe
[DEBUG] 2020-10-11 10:22:34.264 [http-nio-8080-exec-2] ClassLoaderAccessImpl - No temp ClassLoader provided; using live ClassLoader for loading potentially unsafe class : BillingSystem.entity.User
[DEBUG] 2020-10-11 10:22:34.333 [http-nio-8080-exec-2] ClassLoaderAccessImpl - Not known whether passed class name [BillingSystem.entity.User] is safe
[DEBUG] 2020-10-11 10:22:34.333 [http-nio-8080-exec-2] ClassLoaderAccessImpl - No temp ClassLoader provided; using live ClassLoader for loading potentially unsafe class : BillingSystem.entity.User
[DEBUG] 2020-10-11 10:22:35.028 [http-nio-8080-exec-2] AbstractEntityPersister - Static SQL for entity: BillingSystem.entity.User
[DEBUG] 2020-10-11 10:22:35.030 [http-nio-8080-exec-2] AbstractEntityPersister -  Version select: select id from user where id =?
[DEBUG] 2020-10-11 10:22:35.030 [http-nio-8080-exec-2] AbstractEntityPersister -  Snapshot select: select user_.id, user_.date_of_birth as date_of_2_0_, user_.first_name as first_na3_0_, user_.last_name as last_nam4_0_, user_.password as password5_0_, user_.user_name as user_nam6_0_ from user user_ where user_.id=?
[DEBUG] 2020-10-11 10:22:35.030 [http-nio-8080-exec-2] AbstractEntityPersister -  Insert 0: insert into user (date_of_birth, first_name, last_name, password, user_name, id) values (?, ?, ?, ?, ?, ?)
[DEBUG] 2020-10-11 10:22:35.031 [http-nio-8080-exec-2] AbstractEntityPersister -  Update 0: update user set date_of_birth=?, first_name=?, last_name=?, password=?, user_name=? where id=?
[DEBUG] 2020-10-11 10:22:35.033 [http-nio-8080-exec-2] AbstractEntityPersister -  Delete 0: delete from user where id=?
[DEBUG] 2020-10-11 10:22:35.034 [http-nio-8080-exec-2] AbstractEntityPersister -  Identity insert: insert into user (date_of_birth, first_name, last_name, password, user_name) values (?, ?, ?, ?, ?)
[DEBUG] 2020-10-11 10:22:35.142 [http-nio-8080-exec-2] QuerySpacesImpl - Adding QuerySpace : uid = <gen:0> -> org.hibernate.loader.plan.build.internal.spaces.EntityQuerySpaceImpl@452afa19]
[DEBUG] 2020-10-11 10:22:35.152 [http-nio-8080-exec-2] MetamodelGraphWalker - Visiting attribute path : dateOfBirth
[DEBUG] 2020-10-11 10:22:35.154 [http-nio-8080-exec-2] MetamodelGraphWalker - Visiting attribute path : firstName
[DEBUG] 2020-10-11 10:22:35.156 [http-nio-8080-exec-2] MetamodelGraphWalker - Visiting attribute path : lastName
[DEBUG] 2020-10-11 10:22:35.159 [http-nio-8080-exec-2] MetamodelGraphWalker - Visiting attribute path : password
[DEBUG] 2020-10-11 10:22:35.160 [http-nio-8080-exec-2] MetamodelGraphWalker - Visiting attribute path : userName
[DEBUG] 2020-10-11 10:22:35.160 [http-nio-8080-exec-2] FetchStyleLoadPlanBuildingAssociationVisitationStrategy - Building LoadPlan...
[DEBUG] 2020-10-11 10:22:35.182 [http-nio-8080-exec-2] LoadQueryJoinAndFetchProcessor - processing queryspace <gen:0>
[DEBUG] 2020-10-11 10:22:35.186 [http-nio-8080-exec-2] LoadPlanTreePrinter - LoadPlan(entity=BillingSystem.entity.User)
    - Returns
       - EntityReturnImpl(entity=BillingSystem.entity.User, querySpaceUid=<gen:0>, path=BillingSystem.entity.User)
    - QuerySpaces
       - EntityQuerySpaceImpl(uid=<gen:0>, entity=BillingSystem.entity.User)
          - SQL table alias mapping - user0_
          - alias suffix - 0_
          - suffixed key columns - {id1_0_0_}

[DEBUG] 2020-10-11 10:22:35.191 [http-nio-8080-exec-2] EntityLoader - Static select for entity BillingSystem.entity.User [NONE]: select user0_.id as id1_0_0_, user0_.date_of_birth as date_of_2_0_0_, user0_.first_name as first_na3_0_0_, user0_.last_name as last_nam4_0_0_, user0_.password as password5_0_0_, user0_.user_name as user_nam6_0_0_ from user user0_ where user0_.id=?
[DEBUG] 2020-10-11 10:22:35.191 [http-nio-8080-exec-2] QuerySpacesImpl - Adding QuerySpace : uid = <gen:0> -> org.hibernate.loader.plan.build.internal.spaces.EntityQuerySpaceImpl@2435b342]
[DEBUG] 2020-10-11 10:22:35.191 [http-nio-8080-exec-2] MetamodelGraphWalker - Visiting attribute path : dateOfBirth
[DEBUG] 2020-10-11 10:22:35.191 [http-nio-8080-exec-2] MetamodelGraphWalker - Visiting attribute path : firstName
[DEBUG] 2020-10-11 10:22:35.191 [http-nio-8080-exec-2] MetamodelGraphWalker - Visiting attribute path : lastName
[DEBUG] 2020-10-11 10:22:35.191 [http-nio-8080-exec-2] MetamodelGraphWalker - Visiting attribute path : password
[DEBUG] 2020-10-11 10:22:35.191 [http-nio-8080-exec-2] MetamodelGraphWalker - Visiting attribute path : userName
[DEBUG] 2020-10-11 10:22:35.191 [http-nio-8080-exec-2] FetchStyleLoadPlanBuildingAssociationVisitationStrategy - Building LoadPlan...
[DEBUG] 2020-10-11 10:22:35.191 [http-nio-8080-exec-2] LoadQueryJoinAndFetchProcessor - processing queryspace <gen:0>
[DEBUG] 2020-10-11 10:22:35.192 [http-nio-8080-exec-2] LoadPlanTreePrinter - LoadPlan(entity=BillingSystem.entity.User)
    - Returns
       - EntityReturnImpl(entity=BillingSystem.entity.User, querySpaceUid=<gen:0>, path=BillingSystem.entity.User)
    - QuerySpaces
       - EntityQuerySpaceImpl(uid=<gen:0>, entity=BillingSystem.entity.User)
          - SQL table alias mapping - user0_
          - alias suffix - 0_
          - suffixed key columns - {id1_0_0_}

[DEBUG] 2020-10-11 10:22:35.192 [http-nio-8080-exec-2] EntityLoader - Static select for entity BillingSystem.entity.User [READ]: select user0_.id as id1_0_0_, user0_.date_of_birth as date_of_2_0_0_, user0_.first_name as first_na3_0_0_, user0_.last_name as last_nam4_0_0_, user0_.password as password5_0_0_, user0_.user_name as user_nam6_0_0_ from user user0_ where user0_.id=?
[DEBUG] 2020-10-11 10:22:35.229 [http-nio-8080-exec-2] Loader - Static select for action ACTION_MERGE on entity BillingSystem.entity.User: select user0_.id as id1_0_0_, user0_.date_of_birth as date_of_2_0_0_, user0_.first_name as first_na3_0_0_, user0_.last_name as last_nam4_0_0_, user0_.password as password5_0_0_, user0_.user_name as user_nam6_0_0_ from user user0_ where user0_.id=?
[DEBUG] 2020-10-11 10:22:35.229 [http-nio-8080-exec-2] Loader - Static select for action ACTION_REFRESH on entity BillingSystem.entity.User: select user0_.id as id1_0_0_, user0_.date_of_birth as date_of_2_0_0_, user0_.first_name as first_na3_0_0_, user0_.last_name as last_nam4_0_0_, user0_.password as password5_0_0_, user0_.user_name as user_nam6_0_0_ from user user0_ where user0_.id=?
[DEBUG] 2020-10-11 10:22:35.274 [http-nio-8080-exec-2] SchemaManagementToolCoordinator - No actions specified; doing nothing
[DEBUG] 2020-10-11 10:22:35.274 [http-nio-8080-exec-2] JtaPlatformInitiator - No JtaPlatform was specified, checking resolver
[DEBUG] 2020-10-11 10:22:35.274 [http-nio-8080-exec-2] JtaPlatformResolverInitiator - No JtaPlatformResolver was specified, using default [org.hibernate.engine.transaction.jta.platform.internal.StandardJtaPlatformResolver]
[DEBUG] 2020-10-11 10:22:35.294 [http-nio-8080-exec-2] StandardJtaPlatformResolver - Could not resolve JtaPlatform, using default [org.hibernate.engine.transaction.jta.platform.internal.NoJtaPlatform]
[INFO ] 2020-10-11 10:22:35.295 [http-nio-8080-exec-2] JtaPlatformInitiator - HHH000490: Using JtaPlatform implementation: [org.hibernate.engine.transaction.jta.platform.internal.NoJtaPlatform]
[DEBUG] 2020-10-11 10:22:35.298 [http-nio-8080-exec-2] NamedQueryRepository - Checking 0 named HQL queries
[DEBUG] 2020-10-11 10:22:35.300 [http-nio-8080-exec-2] NamedQueryRepository - Checking 0 named SQL queries
[DEBUG] 2020-10-11 10:22:35.302 [http-nio-8080-exec-2] SessionFactoryRegistry - Initializing SessionFactoryRegistry : org.hibernate.internal.SessionFactoryRegistry@6c51b3ea
[DEBUG] 2020-10-11 10:22:35.307 [http-nio-8080-exec-2] SessionFactoryRegistry - Registering SessionFactory: f0611e41-2bcf-4200-a9b0-8105c790aa5d (<unnamed>)
[DEBUG] 2020-10-11 10:22:35.307 [http-nio-8080-exec-2] SessionFactoryRegistry - Not binding SessionFactory to JNDI, no JNDI name configured
[DEBUG] 2020-10-11 10:22:35.527 [http-nio-8080-exec-2] StatisticsInitiator - Statistics initialized [enabled=false]
[DEBUG] 2020-10-11 10:22:35.642 [http-nio-8080-exec-2] CriteriaQueryImpl - Rendered criteria query -> select generatedAlias0 from User as generatedAlias0
[DEBUG] 2020-10-11 10:22:35.692 [http-nio-8080-exec-2] QueryTranslatorFactoryInitiator - QueryTranslatorFactory: org.hibernate.hql.internal.ast.ASTQueryTranslatorFactory@222eb521
[DEBUG] 2020-10-11 10:22:35.760 [http-nio-8080-exec-2] QueryTranslatorImpl - parse() - HQL: select generatedAlias0 from BillingSystem.entity.User as generatedAlias0
[DEBUG] 2020-10-11 10:22:35.777 [http-nio-8080-exec-2] ErrorTracker - throwQueryException() : no errors
[DEBUG] 2020-10-11 10:22:35.810 [http-nio-8080-exec-2] QueryTranslatorImpl - --- HQL AST ---
 \-[QUERY] Node: 'query'
    \-[SELECT_FROM] Node: 'SELECT_FROM'
       +-[FROM] Node: 'from'
       |  \-[RANGE] Node: 'RANGE'
       |     +-[DOT] Node: '.'
       |     |  +-[DOT] Node: '.'
       |     |  |  +-[IDENT] Node: 'BillingSystem'
       |     |  |  \-[IDENT] Node: 'entity'
       |     |  \-[IDENT] Node: 'User'
       |     \-[ALIAS] Node: 'generatedAlias0'
       \-[SELECT] Node: 'select'
          \-[IDENT] Node: 'generatedAlias0'

[DEBUG] 2020-10-11 10:22:35.904 [http-nio-8080-exec-2] HqlSqlBaseWalker - select << begin [level=1, statement=select]
[DEBUG] 2020-10-11 10:22:35.952 [http-nio-8080-exec-2] FromElement - FromClause{level=1} : BillingSystem.entity.User (generatedAlias0) -> user0_
[DEBUG] 2020-10-11 10:22:35.953 [http-nio-8080-exec-2] FromReferenceNode - Resolved : generatedAlias0 -> user0_.id
[DEBUG] 2020-10-11 10:22:35.960 [http-nio-8080-exec-2] HqlSqlBaseWalker - select : finishing up [level=1, statement=select]
[DEBUG] 2020-10-11 10:22:35.960 [http-nio-8080-exec-2] HqlSqlWalker - processQuery() :  ( SELECT ( {select clause} user0_.id ) ( FromClause{level=1} user user0_ ) )
[DEBUG] 2020-10-11 10:22:35.988 [http-nio-8080-exec-2] JoinProcessor - Using FROM fragment [user user0_]
[DEBUG] 2020-10-11 10:22:35.994 [http-nio-8080-exec-2] HqlSqlBaseWalker - select >> end [level=1, statement=select]
[DEBUG] 2020-10-11 10:22:35.994 [http-nio-8080-exec-2] QueryTranslatorImpl - --- SQL AST ---
 \-[SELECT] QueryNode: 'SELECT'  querySpaces (user)
    +-[SELECT_CLAUSE] SelectClause: '{select clause}'
    |  +-[ALIAS_REF] IdentNode: 'user0_.id as id1_0_' {alias=generatedAlias0, className=BillingSystem.entity.User, tableAlias=user0_}
    |  \-[SQL_TOKEN] SqlFragment: 'user0_.date_of_birth as date_of_2_0_, user0_.first_name as first_na3_0_, user0_.last_name as last_nam4_0_, user0_.password as password5_0_, user0_.user_name as user_nam6_0_'
    \-[FROM] FromClause: 'from' FromClause{level=1, fromElementCounter=1, fromElements=1, fromElementByClassAlias=[generatedAlias0], fromElementByTableAlias=[user0_], fromElementsByPath=[], collectionJoinFromElementsByPath=[], impliedElements=[]}
       \-[FROM_FRAGMENT] FromElement: 'user user0_' FromElement{explicit,not a collection join,not a fetch join,fetch non-lazy properties,classAlias=generatedAlias0,role=null,tableName=user,tableAlias=user0_,origin=null,columns={,className=BillingSystem.entity.User}}

[DEBUG] 2020-10-11 10:22:35.994 [http-nio-8080-exec-2] ErrorTracker - throwQueryException() : no errors
[DEBUG] 2020-10-11 10:22:36.016 [http-nio-8080-exec-2] QueryTranslatorImpl - HQL: select generatedAlias0 from BillingSystem.entity.User as generatedAlias0
[DEBUG] 2020-10-11 10:22:36.017 [http-nio-8080-exec-2] QueryTranslatorImpl - SQL: select user0_.id as id1_0_, user0_.date_of_birth as date_of_2_0_, user0_.first_name as first_na3_0_, user0_.last_name as last_nam4_0_, user0_.password as password5_0_, user0_.user_name as user_nam6_0_ from user user0_
[DEBUG] 2020-10-11 10:22:36.020 [http-nio-8080-exec-2] ErrorTracker - throwQueryException() : no errors
[DEBUG] 2020-10-11 10:22:36.075 [http-nio-8080-exec-2] SQL - select user0_.id as id1_0_, user0_.date_of_birth as date_of_2_0_, user0_.first_name as first_na3_0_, user0_.last_name as last_nam4_0_, user0_.password as password5_0_, user0_.user_name as user_nam6_0_ from user user0_
[DEBUG] 2020-10-11 10:22:36.168 [http-nio-8080-exec-2] Loader - Result set row: 0
[DEBUG] 2020-10-11 10:22:36.201 [http-nio-8080-exec-2] Loader - Result row: EntityKey[BillingSystem.entity.User#1]
[DEBUG] 2020-10-11 10:22:36.211 [http-nio-8080-exec-2] Loader - Result set row: 1
[DEBUG] 2020-10-11 10:22:36.211 [http-nio-8080-exec-2] Loader - Result row: EntityKey[BillingSystem.entity.User#2]
[DEBUG] 2020-10-11 10:22:36.211 [http-nio-8080-exec-2] Loader - Result set row: 2
[DEBUG] 2020-10-11 10:22:36.211 [http-nio-8080-exec-2] Loader - Result row: EntityKey[BillingSystem.entity.User#3]
[DEBUG] 2020-10-11 10:22:36.212 [http-nio-8080-exec-2] Loader - Result set row: 3
[DEBUG] 2020-10-11 10:22:36.212 [http-nio-8080-exec-2] Loader - Result row: EntityKey[BillingSystem.entity.User#4]
[DEBUG] 2020-10-11 10:22:36.212 [http-nio-8080-exec-2] Loader - Result set row: 4
[DEBUG] 2020-10-11 10:22:36.212 [http-nio-8080-exec-2] Loader - Result row: EntityKey[BillingSystem.entity.User#5]
[DEBUG] 2020-10-11 10:22:36.212 [http-nio-8080-exec-2] Loader - Result set row: 5
[DEBUG] 2020-10-11 10:22:36.212 [http-nio-8080-exec-2] Loader - Result row: EntityKey[BillingSystem.entity.User#6]
[DEBUG] 2020-10-11 10:22:36.213 [http-nio-8080-exec-2] Loader - Result set row: 6
[DEBUG] 2020-10-11 10:22:36.213 [http-nio-8080-exec-2] Loader - Result row: EntityKey[BillingSystem.entity.User#26]
[DEBUG] 2020-10-11 10:22:36.223 [http-nio-8080-exec-2] TwoPhaseLoad - Resolving attributes for [BillingSystem.entity.User#1]
[DEBUG] 2020-10-11 10:22:36.224 [http-nio-8080-exec-2] TwoPhaseLoad - Processing attribute `dateOfBirth` : value = 1964-03-11
[DEBUG] 2020-10-11 10:22:36.224 [http-nio-8080-exec-2] TwoPhaseLoad - Attribute (`dateOfBirth`)  - enhanced for lazy-loading? - false
[DEBUG] 2020-10-11 10:22:36.224 [http-nio-8080-exec-2] TwoPhaseLoad - Processing attribute `firstName` : value = Dale
[DEBUG] 2020-10-11 10:22:36.224 [http-nio-8080-exec-2] TwoPhaseLoad - Attribute (`firstName`)  - enhanced for lazy-loading? - false
[DEBUG] 2020-10-11 10:22:36.224 [http-nio-8080-exec-2] TwoPhaseLoad - Processing attribute `lastName` : value = Coyne
[DEBUG] 2020-10-11 10:22:36.224 [http-nio-8080-exec-2] TwoPhaseLoad - Attribute (`lastName`)  - enhanced for lazy-loading? - false
[DEBUG] 2020-10-11 10:22:36.224 [http-nio-8080-exec-2] TwoPhaseLoad - Processing attribute `password` : value = supersecret1
[DEBUG] 2020-10-11 10:22:36.224 [http-nio-8080-exec-2] TwoPhaseLoad - Attribute (`password`)  - enhanced for lazy-loading? - false
[DEBUG] 2020-10-11 10:22:36.224 [http-nio-8080-exec-2] TwoPhaseLoad - Processing attribute `userName` : value = jcoyne
[DEBUG] 2020-10-11 10:22:36.225 [http-nio-8080-exec-2] TwoPhaseLoad - Attribute (`userName`)  - enhanced for lazy-loading? - false
[DEBUG] 2020-10-11 10:22:36.232 [http-nio-8080-exec-2] TwoPhaseLoad - Done materializing entity [BillingSystem.entity.User#1]
[DEBUG] 2020-10-11 10:22:36.233 [http-nio-8080-exec-2] TwoPhaseLoad - Resolving attributes for [BillingSystem.entity.User#2]
[DEBUG] 2020-10-11 10:22:36.233 [http-nio-8080-exec-2] TwoPhaseLoad - Processing attribute `dateOfBirth` : value = 1988-05-07
[DEBUG] 2020-10-11 10:22:36.233 [http-nio-8080-exec-2] TwoPhaseLoad - Attribute (`dateOfBirth`)  - enhanced for lazy-loading? - false
[DEBUG] 2020-10-11 10:22:36.233 [http-nio-8080-exec-2] TwoPhaseLoad - Processing attribute `firstName` : value = Fred
[DEBUG] 2020-10-11 10:22:36.233 [http-nio-8080-exec-2] TwoPhaseLoad - Attribute (`firstName`)  - enhanced for lazy-loading? - false
[DEBUG] 2020-10-11 10:22:36.233 [http-nio-8080-exec-2] TwoPhaseLoad - Processing attribute `lastName` : value = Hensen
[DEBUG] 2020-10-11 10:22:36.233 [http-nio-8080-exec-2] TwoPhaseLoad - Attribute (`lastName`)  - enhanced for lazy-loading? - false
[DEBUG] 2020-10-11 10:22:36.233 [http-nio-8080-exec-2] TwoPhaseLoad - Processing attribute `password` : value = supersecret2
[DEBUG] 2020-10-11 10:22:36.233 [http-nio-8080-exec-2] TwoPhaseLoad - Attribute (`password`)  - enhanced for lazy-loading? - false
[DEBUG] 2020-10-11 10:22:36.233 [http-nio-8080-exec-2] TwoPhaseLoad - Processing attribute `userName` : value = fhensen
[DEBUG] 2020-10-11 10:22:36.233 [http-nio-8080-exec-2] TwoPhaseLoad - Attribute (`userName`)  - enhanced for lazy-loading? - false
[DEBUG] 2020-10-11 10:22:36.233 [http-nio-8080-exec-2] TwoPhaseLoad - Done materializing entity [BillingSystem.entity.User#2]
[DEBUG] 2020-10-11 10:22:36.233 [http-nio-8080-exec-2] TwoPhaseLoad - Resolving attributes for [BillingSystem.entity.User#3]
[DEBUG] 2020-10-11 10:22:36.233 [http-nio-8080-exec-2] TwoPhaseLoad - Processing attribute `dateOfBirth` : value = 1947-11-10
[DEBUG] 2020-10-11 10:22:36.233 [http-nio-8080-exec-2] TwoPhaseLoad - Attribute (`dateOfBirth`)  - enhanced for lazy-loading? - false
[DEBUG] 2020-10-11 10:22:36.233 [http-nio-8080-exec-2] TwoPhaseLoad - Processing attribute `firstName` : value = Barney
[DEBUG] 2020-10-11 10:22:36.233 [http-nio-8080-exec-2] TwoPhaseLoad - Attribute (`firstName`)  - enhanced for lazy-loading? - false
[DEBUG] 2020-10-11 10:22:36.233 [http-nio-8080-exec-2] TwoPhaseLoad - Processing attribute `lastName` : value = Curry
[DEBUG] 2020-10-11 10:22:36.233 [http-nio-8080-exec-2] TwoPhaseLoad - Attribute (`lastName`)  - enhanced for lazy-loading? - false
[DEBUG] 2020-10-11 10:22:36.233 [http-nio-8080-exec-2] TwoPhaseLoad - Processing attribute `password` : value = supersecret3
[DEBUG] 2020-10-11 10:22:36.234 [http-nio-8080-exec-2] TwoPhaseLoad - Attribute (`password`)  - enhanced for lazy-loading? - false
[DEBUG] 2020-10-11 10:22:36.234 [http-nio-8080-exec-2] TwoPhaseLoad - Processing attribute `userName` : value = bcurry
[DEBUG] 2020-10-11 10:22:36.234 [http-nio-8080-exec-2] TwoPhaseLoad - Attribute (`userName`)  - enhanced for lazy-loading? - false
[DEBUG] 2020-10-11 10:22:36.234 [http-nio-8080-exec-2] TwoPhaseLoad - Done materializing entity [BillingSystem.entity.User#3]
[DEBUG] 2020-10-11 10:22:36.234 [http-nio-8080-exec-2] TwoPhaseLoad - Resolving attributes for [BillingSystem.entity.User#4]
[DEBUG] 2020-10-11 10:22:36.234 [http-nio-8080-exec-2] TwoPhaseLoad - Processing attribute `dateOfBirth` : value = 1986-07-07
[DEBUG] 2020-10-11 10:22:36.234 [http-nio-8080-exec-2] TwoPhaseLoad - Attribute (`dateOfBirth`)  - enhanced for lazy-loading? - false
[DEBUG] 2020-10-11 10:22:36.234 [http-nio-8080-exec-2] TwoPhaseLoad - Processing attribute `firstName` : value = Karen
[DEBUG] 2020-10-11 10:22:36.234 [http-nio-8080-exec-2] TwoPhaseLoad - Attribute (`firstName`)  - enhanced for lazy-loading? - false
[DEBUG] 2020-10-11 10:22:36.234 [http-nio-8080-exec-2] TwoPhaseLoad - Processing attribute `lastName` : value = Mack
[DEBUG] 2020-10-11 10:22:36.234 [http-nio-8080-exec-2] TwoPhaseLoad - Attribute (`lastName`)  - enhanced for lazy-loading? - false
[DEBUG] 2020-10-11 10:22:36.234 [http-nio-8080-exec-2] TwoPhaseLoad - Processing attribute `password` : value = supersecret4
[DEBUG] 2020-10-11 10:22:36.234 [http-nio-8080-exec-2] TwoPhaseLoad - Attribute (`password`)  - enhanced for lazy-loading? - false
[DEBUG] 2020-10-11 10:22:36.234 [http-nio-8080-exec-2] TwoPhaseLoad - Processing attribute `userName` : value = kmack
[DEBUG] 2020-10-11 10:22:36.234 [http-nio-8080-exec-2] TwoPhaseLoad - Attribute (`userName`)  - enhanced for lazy-loading? - false
[DEBUG] 2020-10-11 10:22:36.234 [http-nio-8080-exec-2] TwoPhaseLoad - Done materializing entity [BillingSystem.entity.User#4]
[DEBUG] 2020-10-11 10:22:36.234 [http-nio-8080-exec-2] TwoPhaseLoad - Resolving attributes for [BillingSystem.entity.User#5]
[DEBUG] 2020-10-11 10:22:36.234 [http-nio-8080-exec-2] TwoPhaseLoad - Processing attribute `dateOfBirth` : value = 1991-01-21
[DEBUG] 2020-10-11 10:22:36.234 [http-nio-8080-exec-2] TwoPhaseLoad - Attribute (`dateOfBirth`)  - enhanced for lazy-loading? - false
[DEBUG] 2020-10-11 10:22:36.234 [http-nio-8080-exec-2] TwoPhaseLoad - Processing attribute `firstName` : value = Dianne
[DEBUG] 2020-10-11 10:22:36.234 [http-nio-8080-exec-2] TwoPhaseLoad - Attribute (`firstName`)  - enhanced for lazy-loading? - false
[DEBUG] 2020-10-11 10:22:36.234 [http-nio-8080-exec-2] TwoPhaseLoad - Processing attribute `lastName` : value = Klein
[DEBUG] 2020-10-11 10:22:36.234 [http-nio-8080-exec-2] TwoPhaseLoad - Attribute (`lastName`)  - enhanced for lazy-loading? - false
[DEBUG] 2020-10-11 10:22:36.234 [http-nio-8080-exec-2] TwoPhaseLoad - Processing attribute `password` : value = supersecret5
[DEBUG] 2020-10-11 10:22:36.234 [http-nio-8080-exec-2] TwoPhaseLoad - Attribute (`password`)  - enhanced for lazy-loading? - false
[DEBUG] 2020-10-11 10:22:36.234 [http-nio-8080-exec-2] TwoPhaseLoad - Processing attribute `userName` : value = dklein
[DEBUG] 2020-10-11 10:22:36.234 [http-nio-8080-exec-2] TwoPhaseLoad - Attribute (`userName`)  - enhanced for lazy-loading? - false
[DEBUG] 2020-10-11 10:22:36.235 [http-nio-8080-exec-2] TwoPhaseLoad - Done materializing entity [BillingSystem.entity.User#5]
[DEBUG] 2020-10-11 10:22:36.235 [http-nio-8080-exec-2] TwoPhaseLoad - Resolving attributes for [BillingSystem.entity.User#6]
[DEBUG] 2020-10-11 10:22:36.235 [http-nio-8080-exec-2] TwoPhaseLoad - Processing attribute `dateOfBirth` : value = 1979-08-29
[DEBUG] 2020-10-11 10:22:36.235 [http-nio-8080-exec-2] TwoPhaseLoad - Attribute (`dateOfBirth`)  - enhanced for lazy-loading? - false
[DEBUG] 2020-10-11 10:22:36.235 [http-nio-8080-exec-2] TwoPhaseLoad - Processing attribute `firstName` : value = Dawn
[DEBUG] 2020-10-11 10:22:36.235 [http-nio-8080-exec-2] TwoPhaseLoad - Attribute (`firstName`)  - enhanced for lazy-loading? - false
[DEBUG] 2020-10-11 10:22:36.236 [http-nio-8080-exec-2] TwoPhaseLoad - Processing attribute `lastName` : value = Tillman
[DEBUG] 2020-10-11 10:22:36.236 [http-nio-8080-exec-2] TwoPhaseLoad - Attribute (`lastName`)  - enhanced for lazy-loading? - false
[DEBUG] 2020-10-11 10:22:36.237 [http-nio-8080-exec-2] TwoPhaseLoad - Processing attribute `password` : value = supersecret6
[DEBUG] 2020-10-11 10:22:36.238 [http-nio-8080-exec-2] TwoPhaseLoad - Attribute (`password`)  - enhanced for lazy-loading? - false
[DEBUG] 2020-10-11 10:22:36.240 [http-nio-8080-exec-2] TwoPhaseLoad - Processing attribute `userName` : value = dtillman
[DEBUG] 2020-10-11 10:22:36.240 [http-nio-8080-exec-2] TwoPhaseLoad - Attribute (`userName`)  - enhanced for lazy-loading? - false
[DEBUG] 2020-10-11 10:22:36.240 [http-nio-8080-exec-2] TwoPhaseLoad - Done materializing entity [BillingSystem.entity.User#6]
[DEBUG] 2020-10-11 10:22:36.240 [http-nio-8080-exec-2] TwoPhaseLoad - Resolving attributes for [BillingSystem.entity.User#26]
[DEBUG] 2020-10-11 10:22:36.240 [http-nio-8080-exec-2] TwoPhaseLoad - Processing attribute `dateOfBirth` : value = 1162-12-31
[DEBUG] 2020-10-11 10:22:36.241 [http-nio-8080-exec-2] TwoPhaseLoad - Attribute (`dateOfBirth`)  - enhanced for lazy-loading? - false
[DEBUG] 2020-10-11 10:22:36.241 [http-nio-8080-exec-2] TwoPhaseLoad - Processing attribute `firstName` : value = Salman
[DEBUG] 2020-10-11 10:22:36.241 [http-nio-8080-exec-2] TwoPhaseLoad - Attribute (`firstName`)  - enhanced for lazy-loading? - false
[DEBUG] 2020-10-11 10:22:36.241 [http-nio-8080-exec-2] TwoPhaseLoad - Processing attribute `lastName` : value = Khan
[DEBUG] 2020-10-11 10:22:36.241 [http-nio-8080-exec-2] TwoPhaseLoad - Attribute (`lastName`)  - enhanced for lazy-loading? - false
[DEBUG] 2020-10-11 10:22:36.241 [http-nio-8080-exec-2] TwoPhaseLoad - Processing attribute `password` : value = khan
[DEBUG] 2020-10-11 10:22:36.241 [http-nio-8080-exec-2] TwoPhaseLoad - Attribute (`password`)  - enhanced for lazy-loading? - false
[DEBUG] 2020-10-11 10:22:36.241 [http-nio-8080-exec-2] TwoPhaseLoad - Processing attribute `userName` : value = salman
[DEBUG] 2020-10-11 10:22:36.241 [http-nio-8080-exec-2] TwoPhaseLoad - Attribute (`userName`)  - enhanced for lazy-loading? - false
[DEBUG] 2020-10-11 10:22:36.241 [http-nio-8080-exec-2] TwoPhaseLoad - Done materializing entity [BillingSystem.entity.User#26]
[DEBUG] 2020-10-11 10:22:36.245 [http-nio-8080-exec-2] LogicalConnectionManagedImpl - Initiating JDBC connection release from afterTransaction
